02/16/23 09:49:00: Running xcd server. This server was built by gradle.
02/16/23 09:49:00: Server was asked to start on port: '54723'
02/16/23 09:49:00: Server is using token UUID: '22209d53-7112-4e03-b4e6-27c9ff696b5c'
02/16/23 09:49:00: SESSION_MGR: creating session with session uuid: '6d04a3e9-ade5-4ab9-8d63-1f78fcd2ec76' and name 'default'
02/16/23 09:49:00: Attempting to start server on port '54723'
02/16/23 09:49:00: Running Dispatch Server
02/16/23 09:49:00: Version 2.2.0
02/16/23 09:49:09: Dispatch Server: Accepted socket connection from client
02/16/23 09:49:09: Starting Socket connection
02/16/23 09:49:09: EXCHANGE_TOKEN received, server token: 22209d53-7112-4e03-b4e6-27c9ff696b5c, passed token: 22209d53-7112-4e03-b4e6-27c9ff696b5c
02/16/23 09:49:09: SESSION_MGR: creating session with session uuid: 'd5df0b01-92c2-4ace-b247-f1ee8728b475' and name 'vitis_hls'
02/16/23 09:49:09: KERNEL_SVC: creating session with uuid: 'd5df0b01-92c2-4ace-b247-f1ee8728b475' and name 'vitis_hls'
02/16/23 09:49:09: GUIDANCE_SMGR: creating guidance session with uuid: 'd5df0b01-92c2-4ace-b247-f1ee8728b475' and name 'vitis_hls'
02/16/23 09:49:15: STOP_SERVER received, server token: 22209d53-7112-4e03-b4e6-27c9ff696b5c, passed token: 22209d53-7112-4e03-b4e6-27c9ff696b5c
02/16/23 09:49:15: Socket received request to stop server.
02/16/23 09:49:15: Dispatch Server: do_await_stop
02/16/23 09:49:15: SERVER: destructor for server bound to port 54723
02/16/23 09:49:15: Server exiting with status 0.
02/16/23 09:49:15: Closing log file.
02/16/23 09:50:03: Running xcd server. This server was built by gradle.
02/16/23 09:50:03: Server was asked to start on port: '54746'
02/16/23 09:50:03: Server is using token UUID: 'a19ab187-e250-4ca0-8f65-224449ed6390'
02/16/23 09:50:03: SESSION_MGR: creating session with session uuid: '6d04a3e9-ade5-4ab9-8d63-1f78fcd2ec76' and name 'default'
02/16/23 09:50:03: Attempting to start server on port '54746'
02/16/23 09:50:03: Running Dispatch Server
02/16/23 09:50:03: Version 2.2.0
02/16/23 09:50:12: Dispatch Server: Accepted socket connection from client
02/16/23 09:50:12: Starting Socket connection
02/16/23 09:50:12: EXCHANGE_TOKEN received, server token: a19ab187-e250-4ca0-8f65-224449ed6390, passed token: a19ab187-e250-4ca0-8f65-224449ed6390
02/16/23 09:50:12: SESSION_MGR: creating session with session uuid: '0d2190e7-9987-4eca-9f73-44c33e878046' and name 'vitis_hls'
02/16/23 09:50:12: KERNEL_SVC: creating session with uuid: '0d2190e7-9987-4eca-9f73-44c33e878046' and name 'vitis_hls'
02/16/23 09:50:12: GUIDANCE_SMGR: creating guidance session with uuid: '0d2190e7-9987-4eca-9f73-44c33e878046' and name 'vitis_hls'
02/16/23 09:50:27: STOP_SERVER received, server token: a19ab187-e250-4ca0-8f65-224449ed6390, passed token: a19ab187-e250-4ca0-8f65-224449ed6390
02/16/23 09:50:27: Socket received request to stop server.
02/16/23 09:50:27: Dispatch Server: do_await_stop
02/16/23 09:50:27: SERVER: destructor for server bound to port 54746
02/16/23 09:50:27: Server exiting with status 0.
02/16/23 09:50:27: Closing log file.
