02/19/23 17:11:44: Running xcd server. This server was built by gradle.
02/19/23 17:11:44: Server was asked to start on port: '64382'
02/19/23 17:11:44: Server is using token UUID: '62c4a98c-26fd-4657-ace9-4bc19336fef2'
02/19/23 17:11:44: SESSION_MGR: creating session with session uuid: '6d04a3e9-ade5-4ab9-8d63-1f78fcd2ec76' and name 'default'
02/19/23 17:11:44: Attempting to start server on port '64382'
02/19/23 17:11:44: Running Dispatch Server
02/19/23 17:11:44: Version 2.2.0
02/19/23 17:11:53: Dispatch Server: Accepted socket connection from client
02/19/23 17:11:53: Starting Socket connection
02/19/23 17:11:53: EXCHANGE_TOKEN received, server token: 62c4a98c-26fd-4657-ace9-4bc19336fef2, passed token: 62c4a98c-26fd-4657-ace9-4bc19336fef2
02/19/23 17:11:53: SESSION_MGR: creating session with session uuid: '8b0722e6-01bb-4957-9047-195a3ca9cbc3' and name 'vitis_hls'
02/19/23 17:11:53: KERNEL_SVC: creating session with uuid: '8b0722e6-01bb-4957-9047-195a3ca9cbc3' and name 'vitis_hls'
02/19/23 17:11:53: GUIDANCE_SMGR: creating guidance session with uuid: '8b0722e6-01bb-4957-9047-195a3ca9cbc3' and name 'vitis_hls'
02/19/23 17:12:02: STOP_SERVER received, server token: 62c4a98c-26fd-4657-ace9-4bc19336fef2, passed token: 62c4a98c-26fd-4657-ace9-4bc19336fef2
02/19/23 17:12:02: Socket received request to stop server.
02/19/23 17:12:02: Dispatch Server: do_await_stop
02/19/23 17:12:02: SERVER: destructor for server bound to port 64382
02/19/23 17:12:02: Server exiting with status 0.
02/19/23 17:12:02: Closing log file.
02/19/23 17:12:38: Running xcd server. This server was built by gradle.
02/19/23 17:12:38: Server was asked to start on port: '64433'
02/19/23 17:12:38: Server is using token UUID: 'b6adf961-6151-4f6a-9506-4bd174211087'
02/19/23 17:12:38: SESSION_MGR: creating session with session uuid: '6d04a3e9-ade5-4ab9-8d63-1f78fcd2ec76' and name 'default'
02/19/23 17:12:38: Attempting to start server on port '64433'
02/19/23 17:12:38: Running Dispatch Server
02/19/23 17:12:38: Version 2.2.0
02/19/23 17:12:46: Dispatch Server: Accepted socket connection from client
02/19/23 17:12:46: Starting Socket connection
02/19/23 17:12:46: EXCHANGE_TOKEN received, server token: b6adf961-6151-4f6a-9506-4bd174211087, passed token: b6adf961-6151-4f6a-9506-4bd174211087
02/19/23 17:12:46: SESSION_MGR: creating session with session uuid: '7c9eb234-71d1-4b81-a935-d4e376486ee8' and name 'vitis_hls'
02/19/23 17:12:46: KERNEL_SVC: creating session with uuid: '7c9eb234-71d1-4b81-a935-d4e376486ee8' and name 'vitis_hls'
02/19/23 17:12:46: GUIDANCE_SMGR: creating guidance session with uuid: '7c9eb234-71d1-4b81-a935-d4e376486ee8' and name 'vitis_hls'
02/19/23 17:12:51: STOP_SERVER received, server token: b6adf961-6151-4f6a-9506-4bd174211087, passed token: b6adf961-6151-4f6a-9506-4bd174211087
02/19/23 17:12:51: Socket received request to stop server.
02/19/23 17:12:51: Dispatch Server: do_await_stop
02/19/23 17:12:51: SERVER: destructor for server bound to port 64433
02/19/23 17:12:51: Server exiting with status 0.
02/19/23 17:12:51: Closing log file.
02/19/23 17:14:04: Running xcd server. This server was built by gradle.
02/19/23 17:14:04: Server was asked to start on port: '64500'
02/19/23 17:14:04: Server is using token UUID: '91f5765e-3a5a-4ebf-9e26-b0b3e4043cad'
02/19/23 17:14:04: SESSION_MGR: creating session with session uuid: '6d04a3e9-ade5-4ab9-8d63-1f78fcd2ec76' and name 'default'
02/19/23 17:14:04: Attempting to start server on port '64500'
02/19/23 17:14:04: Running Dispatch Server
02/19/23 17:14:04: Version 2.2.0
02/19/23 17:14:13: Dispatch Server: Accepted socket connection from client
02/19/23 17:14:13: Starting Socket connection
02/19/23 17:14:13: EXCHANGE_TOKEN received, server token: 91f5765e-3a5a-4ebf-9e26-b0b3e4043cad, passed token: 91f5765e-3a5a-4ebf-9e26-b0b3e4043cad
02/19/23 17:14:13: SESSION_MGR: creating session with session uuid: 'd0087902-2775-467c-af01-7a9aee7485aa' and name 'vitis_hls'
02/19/23 17:14:13: KERNEL_SVC: creating session with uuid: 'd0087902-2775-467c-af01-7a9aee7485aa' and name 'vitis_hls'
02/19/23 17:14:13: GUIDANCE_SMGR: creating guidance session with uuid: 'd0087902-2775-467c-af01-7a9aee7485aa' and name 'vitis_hls'
02/19/23 17:14:28: STOP_SERVER received, server token: 91f5765e-3a5a-4ebf-9e26-b0b3e4043cad, passed token: 91f5765e-3a5a-4ebf-9e26-b0b3e4043cad
02/19/23 17:14:28: Socket received request to stop server.
02/19/23 17:14:28: Dispatch Server: do_await_stop
02/19/23 17:14:28: SERVER: destructor for server bound to port 64500
02/19/23 17:14:28: Server exiting with status 0.
02/19/23 17:14:28: Closing log file.
